<?xml version="1.0" encoding="UTF-8"?>
<testsuite xmlns:xsi="http://www.w3.org/2001/XMLSchema-instance" xsi:noNamespaceSchemaLocation="https://maven.apache.org/surefire/maven-surefire-plugin/xsd/surefire-test-report.xsd" version="3.0.2" name="TestSuite" time="29.797" tests="4" errors="0" skipped="0" failures="0">
  <properties>
    <property name="java.specification.version" value="17"/>
    <property name="sun.jnu.encoding" value="UTF-8"/>
    <property name="java.class.path" value="/Users/snehaladsul/eclipse-workspace/SeleniumFrameworkDesign_2025/target/test-classes:/Users/snehaladsul/eclipse-workspace/SeleniumFrameworkDesign_2025/target/classes:/Users/snehaladsul/.m2/repository/org/seleniumhq/selenium/selenium-java/4.29.0/selenium-java-4.29.0.jar:/Users/snehaladsul/.m2/repository/org/seleniumhq/selenium/selenium-api/4.29.0/selenium-api-4.29.0.jar:/Users/snehaladsul/.m2/repository/org/jspecify/jspecify/1.0.0/jspecify-1.0.0.jar:/Users/snehaladsul/.m2/repository/org/seleniumhq/selenium/selenium-chrome-driver/4.29.0/selenium-chrome-driver-4.29.0.jar:/Users/snehaladsul/.m2/repository/com/google/auto/service/auto-service-annotations/1.1.1/auto-service-annotations-1.1.1.jar:/Users/snehaladsul/.m2/repository/org/seleniumhq/selenium/selenium-chromium-driver/4.29.0/selenium-chromium-driver-4.29.0.jar:/Users/snehaladsul/.m2/repository/org/seleniumhq/selenium/selenium-json/4.29.0/selenium-json-4.29.0.jar:/Users/snehaladsul/.m2/repository/org/seleniumhq/selenium/selenium-manager/4.29.0/selenium-manager-4.29.0.jar:/Users/snehaladsul/.m2/repository/org/seleniumhq/selenium/selenium-devtools-v131/4.29.0/selenium-devtools-v131-4.29.0.jar:/Users/snehaladsul/.m2/repository/org/seleniumhq/selenium/selenium-devtools-v132/4.29.0/selenium-devtools-v132-4.29.0.jar:/Users/snehaladsul/.m2/repository/org/seleniumhq/selenium/selenium-devtools-v133/4.29.0/selenium-devtools-v133-4.29.0.jar:/Users/snehaladsul/.m2/repository/org/seleniumhq/selenium/selenium-devtools-v85/4.29.0/selenium-devtools-v85-4.29.0.jar:/Users/snehaladsul/.m2/repository/org/seleniumhq/selenium/selenium-edge-driver/4.29.0/selenium-edge-driver-4.29.0.jar:/Users/snehaladsul/.m2/repository/org/seleniumhq/selenium/selenium-firefox-driver/4.29.0/selenium-firefox-driver-4.29.0.jar:/Users/snehaladsul/.m2/repository/org/seleniumhq/selenium/selenium-http/4.29.0/selenium-http-4.29.0.jar:/Users/snehaladsul/.m2/repository/org/seleniumhq/selenium/selenium-ie-driver/4.29.0/selenium-ie-driver-4.29.0.jar:/Users/snehaladsul/.m2/repository/org/seleniumhq/selenium/selenium-remote-driver/4.29.0/selenium-remote-driver-4.29.0.jar:/Users/snehaladsul/.m2/repository/com/google/guava/guava/33.4.0-jre/guava-33.4.0-jre.jar:/Users/snehaladsul/.m2/repository/com/google/guava/failureaccess/1.0.2/failureaccess-1.0.2.jar:/Users/snehaladsul/.m2/repository/com/google/guava/listenablefuture/9999.0-empty-to-avoid-conflict-with-guava/listenablefuture-9999.0-empty-to-avoid-conflict-with-guava.jar:/Users/snehaladsul/.m2/repository/com/google/code/findbugs/jsr305/3.0.2/jsr305-3.0.2.jar:/Users/snehaladsul/.m2/repository/org/checkerframework/checker-qual/3.43.0/checker-qual-3.43.0.jar:/Users/snehaladsul/.m2/repository/com/google/errorprone/error_prone_annotations/2.36.0/error_prone_annotations-2.36.0.jar:/Users/snehaladsul/.m2/repository/com/google/j2objc/j2objc-annotations/3.0.0/j2objc-annotations-3.0.0.jar:/Users/snehaladsul/.m2/repository/io/opentelemetry/semconv/opentelemetry-semconv/1.28.0-alpha/opentelemetry-semconv-1.28.0-alpha.jar:/Users/snehaladsul/.m2/repository/io/opentelemetry/opentelemetry-api/1.46.0/opentelemetry-api-1.46.0.jar:/Users/snehaladsul/.m2/repository/io/opentelemetry/opentelemetry-context/1.46.0/opentelemetry-context-1.46.0.jar:/Users/snehaladsul/.m2/repository/io/opentelemetry/opentelemetry-exporter-logging/1.46.0/opentelemetry-exporter-logging-1.46.0.jar:/Users/snehaladsul/.m2/repository/io/opentelemetry/opentelemetry-sdk-common/1.46.0/opentelemetry-sdk-common-1.46.0.jar:/Users/snehaladsul/.m2/repository/io/opentelemetry/opentelemetry-sdk-extension-autoconfigure-spi/1.46.0/opentelemetry-sdk-extension-autoconfigure-spi-1.46.0.jar:/Users/snehaladsul/.m2/repository/io/opentelemetry/opentelemetry-sdk-extension-autoconfigure/1.46.0/opentelemetry-sdk-extension-autoconfigure-1.46.0.jar:/Users/snehaladsul/.m2/repository/io/opentelemetry/opentelemetry-api-incubator/1.46.0-alpha/opentelemetry-api-incubator-1.46.0-alpha.jar:/Users/snehaladsul/.m2/repository/io/opentelemetry/opentelemetry-sdk-trace/1.46.0/opentelemetry-sdk-trace-1.46.0.jar:/Users/snehaladsul/.m2/repository/io/opentelemetry/opentelemetry-sdk/1.46.0/opentelemetry-sdk-1.46.0.jar:/Users/snehaladsul/.m2/repository/io/opentelemetry/opentelemetry-sdk-metrics/1.46.0/opentelemetry-sdk-metrics-1.46.0.jar:/Users/snehaladsul/.m2/repository/io/opentelemetry/opentelemetry-sdk-logs/1.46.0/opentelemetry-sdk-logs-1.46.0.jar:/Users/snehaladsul/.m2/repository/net/bytebuddy/byte-buddy/1.15.11/byte-buddy-1.15.11.jar:/Users/snehaladsul/.m2/repository/org/seleniumhq/selenium/selenium-os/4.29.0/selenium-os-4.29.0.jar:/Users/snehaladsul/.m2/repository/org/apache/commons/commons-exec/1.4.0/commons-exec-1.4.0.jar:/Users/snehaladsul/.m2/repository/org/seleniumhq/selenium/selenium-safari-driver/4.29.0/selenium-safari-driver-4.29.0.jar:/Users/snehaladsul/.m2/repository/org/seleniumhq/selenium/selenium-support/4.29.0/selenium-support-4.29.0.jar:/Users/snehaladsul/.m2/repository/org/testng/testng/7.11.0/testng-7.11.0.jar:/Users/snehaladsul/.m2/repository/org/slf4j/slf4j-api/2.0.16/slf4j-api-2.0.16.jar:/Users/snehaladsul/.m2/repository/org/jcommander/jcommander/1.83/jcommander-1.83.jar:/Users/snehaladsul/.m2/repository/org/webjars/jquery/3.7.1/jquery-3.7.1.jar:/Users/snehaladsul/.m2/repository/com/fasterxml/jackson/core/jackson-databind/2.18.2/jackson-databind-2.18.2.jar:/Users/snehaladsul/.m2/repository/com/fasterxml/jackson/core/jackson-annotations/2.18.2/jackson-annotations-2.18.2.jar:/Users/snehaladsul/.m2/repository/com/fasterxml/jackson/core/jackson-core/2.18.2/jackson-core-2.18.2.jar:/Users/snehaladsul/.m2/repository/org/apache/directory/studio/org.apache.commons.io/2.4/org.apache.commons.io-2.4.jar:/Users/snehaladsul/.m2/repository/commons-io/commons-io/2.4/commons-io-2.4.jar:/Users/snehaladsul/.m2/repository/com/aventstack/extentreports/5.0.9/extentreports-5.0.9.jar:/Users/snehaladsul/.m2/repository/io/reactivex/rxjava3/rxjava/3.0.4/rxjava-3.0.4.jar:/Users/snehaladsul/.m2/repository/org/reactivestreams/reactive-streams/1.0.3/reactive-streams-1.0.3.jar:/Users/snehaladsul/.m2/repository/org/freemarker/freemarker/2.3.30/freemarker-2.3.30.jar:/Users/snehaladsul/.m2/repository/org/projectlombok/lombok/1.18.12/lombok-1.18.12.jar:/Users/snehaladsul/.m2/repository/com/google/code/gson/gson/2.8.6/gson-2.8.6.jar:"/>
    <property name="java.vm.vendor" value="Oracle Corporation"/>
    <property name="sun.arch.data.model" value="64"/>
    <property name="java.vendor.url" value="https://java.oracle.com/"/>
    <property name="user.timezone" value="Asia/Kolkata"/>
    <property name="os.name" value="Mac OS X"/>
    <property name="java.vm.specification.version" value="17"/>
    <property name="sun.java.launcher" value="SUN_STANDARD"/>
    <property name="user.country" value="US"/>
    <property name="sun.boot.library.path" value="/Library/Java/JavaVirtualMachines/jdk-17.jdk/Contents/Home/lib"/>
    <property name="sun.java.command" value="/Users/snehaladsul/eclipse-workspace/SeleniumFrameworkDesign_2025/target/surefire/surefirebooter-20250316165750171_3.jar /Users/snehaladsul/eclipse-workspace/SeleniumFrameworkDesign_2025/target/surefire 2025-03-16T16-57-50_133-jvmRun1 surefire-20250316165750171_1tmp surefire_0-20250316165750171_2tmp"/>
    <property name="http.nonProxyHosts" value="local|*.local|169.254/16|*.169.254/16"/>
    <property name="jdk.debug" value="release"/>
    <property name="surefire.test.class.path" value="/Users/snehaladsul/eclipse-workspace/SeleniumFrameworkDesign_2025/target/test-classes:/Users/snehaladsul/eclipse-workspace/SeleniumFrameworkDesign_2025/target/classes:/Users/snehaladsul/.m2/repository/org/seleniumhq/selenium/selenium-java/4.29.0/selenium-java-4.29.0.jar:/Users/snehaladsul/.m2/repository/org/seleniumhq/selenium/selenium-api/4.29.0/selenium-api-4.29.0.jar:/Users/snehaladsul/.m2/repository/org/jspecify/jspecify/1.0.0/jspecify-1.0.0.jar:/Users/snehaladsul/.m2/repository/org/seleniumhq/selenium/selenium-chrome-driver/4.29.0/selenium-chrome-driver-4.29.0.jar:/Users/snehaladsul/.m2/repository/com/google/auto/service/auto-service-annotations/1.1.1/auto-service-annotations-1.1.1.jar:/Users/snehaladsul/.m2/repository/org/seleniumhq/selenium/selenium-chromium-driver/4.29.0/selenium-chromium-driver-4.29.0.jar:/Users/snehaladsul/.m2/repository/org/seleniumhq/selenium/selenium-json/4.29.0/selenium-json-4.29.0.jar:/Users/snehaladsul/.m2/repository/org/seleniumhq/selenium/selenium-manager/4.29.0/selenium-manager-4.29.0.jar:/Users/snehaladsul/.m2/repository/org/seleniumhq/selenium/selenium-devtools-v131/4.29.0/selenium-devtools-v131-4.29.0.jar:/Users/snehaladsul/.m2/repository/org/seleniumhq/selenium/selenium-devtools-v132/4.29.0/selenium-devtools-v132-4.29.0.jar:/Users/snehaladsul/.m2/repository/org/seleniumhq/selenium/selenium-devtools-v133/4.29.0/selenium-devtools-v133-4.29.0.jar:/Users/snehaladsul/.m2/repository/org/seleniumhq/selenium/selenium-devtools-v85/4.29.0/selenium-devtools-v85-4.29.0.jar:/Users/snehaladsul/.m2/repository/org/seleniumhq/selenium/selenium-edge-driver/4.29.0/selenium-edge-driver-4.29.0.jar:/Users/snehaladsul/.m2/repository/org/seleniumhq/selenium/selenium-firefox-driver/4.29.0/selenium-firefox-driver-4.29.0.jar:/Users/snehaladsul/.m2/repository/org/seleniumhq/selenium/selenium-http/4.29.0/selenium-http-4.29.0.jar:/Users/snehaladsul/.m2/repository/org/seleniumhq/selenium/selenium-ie-driver/4.29.0/selenium-ie-driver-4.29.0.jar:/Users/snehaladsul/.m2/repository/org/seleniumhq/selenium/selenium-remote-driver/4.29.0/selenium-remote-driver-4.29.0.jar:/Users/snehaladsul/.m2/repository/com/google/guava/guava/33.4.0-jre/guava-33.4.0-jre.jar:/Users/snehaladsul/.m2/repository/com/google/guava/failureaccess/1.0.2/failureaccess-1.0.2.jar:/Users/snehaladsul/.m2/repository/com/google/guava/listenablefuture/9999.0-empty-to-avoid-conflict-with-guava/listenablefuture-9999.0-empty-to-avoid-conflict-with-guava.jar:/Users/snehaladsul/.m2/repository/com/google/code/findbugs/jsr305/3.0.2/jsr305-3.0.2.jar:/Users/snehaladsul/.m2/repository/org/checkerframework/checker-qual/3.43.0/checker-qual-3.43.0.jar:/Users/snehaladsul/.m2/repository/com/google/errorprone/error_prone_annotations/2.36.0/error_prone_annotations-2.36.0.jar:/Users/snehaladsul/.m2/repository/com/google/j2objc/j2objc-annotations/3.0.0/j2objc-annotations-3.0.0.jar:/Users/snehaladsul/.m2/repository/io/opentelemetry/semconv/opentelemetry-semconv/1.28.0-alpha/opentelemetry-semconv-1.28.0-alpha.jar:/Users/snehaladsul/.m2/repository/io/opentelemetry/opentelemetry-api/1.46.0/opentelemetry-api-1.46.0.jar:/Users/snehaladsul/.m2/repository/io/opentelemetry/opentelemetry-context/1.46.0/opentelemetry-context-1.46.0.jar:/Users/snehaladsul/.m2/repository/io/opentelemetry/opentelemetry-exporter-logging/1.46.0/opentelemetry-exporter-logging-1.46.0.jar:/Users/snehaladsul/.m2/repository/io/opentelemetry/opentelemetry-sdk-common/1.46.0/opentelemetry-sdk-common-1.46.0.jar:/Users/snehaladsul/.m2/repository/io/opentelemetry/opentelemetry-sdk-extension-autoconfigure-spi/1.46.0/opentelemetry-sdk-extension-autoconfigure-spi-1.46.0.jar:/Users/snehaladsul/.m2/repository/io/opentelemetry/opentelemetry-sdk-extension-autoconfigure/1.46.0/opentelemetry-sdk-extension-autoconfigure-1.46.0.jar:/Users/snehaladsul/.m2/repository/io/opentelemetry/opentelemetry-api-incubator/1.46.0-alpha/opentelemetry-api-incubator-1.46.0-alpha.jar:/Users/snehaladsul/.m2/repository/io/opentelemetry/opentelemetry-sdk-trace/1.46.0/opentelemetry-sdk-trace-1.46.0.jar:/Users/snehaladsul/.m2/repository/io/opentelemetry/opentelemetry-sdk/1.46.0/opentelemetry-sdk-1.46.0.jar:/Users/snehaladsul/.m2/repository/io/opentelemetry/opentelemetry-sdk-metrics/1.46.0/opentelemetry-sdk-metrics-1.46.0.jar:/Users/snehaladsul/.m2/repository/io/opentelemetry/opentelemetry-sdk-logs/1.46.0/opentelemetry-sdk-logs-1.46.0.jar:/Users/snehaladsul/.m2/repository/net/bytebuddy/byte-buddy/1.15.11/byte-buddy-1.15.11.jar:/Users/snehaladsul/.m2/repository/org/seleniumhq/selenium/selenium-os/4.29.0/selenium-os-4.29.0.jar:/Users/snehaladsul/.m2/repository/org/apache/commons/commons-exec/1.4.0/commons-exec-1.4.0.jar:/Users/snehaladsul/.m2/repository/org/seleniumhq/selenium/selenium-safari-driver/4.29.0/selenium-safari-driver-4.29.0.jar:/Users/snehaladsul/.m2/repository/org/seleniumhq/selenium/selenium-support/4.29.0/selenium-support-4.29.0.jar:/Users/snehaladsul/.m2/repository/org/testng/testng/7.11.0/testng-7.11.0.jar:/Users/snehaladsul/.m2/repository/org/slf4j/slf4j-api/2.0.16/slf4j-api-2.0.16.jar:/Users/snehaladsul/.m2/repository/org/jcommander/jcommander/1.83/jcommander-1.83.jar:/Users/snehaladsul/.m2/repository/org/webjars/jquery/3.7.1/jquery-3.7.1.jar:/Users/snehaladsul/.m2/repository/com/fasterxml/jackson/core/jackson-databind/2.18.2/jackson-databind-2.18.2.jar:/Users/snehaladsul/.m2/repository/com/fasterxml/jackson/core/jackson-annotations/2.18.2/jackson-annotations-2.18.2.jar:/Users/snehaladsul/.m2/repository/com/fasterxml/jackson/core/jackson-core/2.18.2/jackson-core-2.18.2.jar:/Users/snehaladsul/.m2/repository/org/apache/directory/studio/org.apache.commons.io/2.4/org.apache.commons.io-2.4.jar:/Users/snehaladsul/.m2/repository/commons-io/commons-io/2.4/commons-io-2.4.jar:/Users/snehaladsul/.m2/repository/com/aventstack/extentreports/5.0.9/extentreports-5.0.9.jar:/Users/snehaladsul/.m2/repository/io/reactivex/rxjava3/rxjava/3.0.4/rxjava-3.0.4.jar:/Users/snehaladsul/.m2/repository/org/reactivestreams/reactive-streams/1.0.3/reactive-streams-1.0.3.jar:/Users/snehaladsul/.m2/repository/org/freemarker/freemarker/2.3.30/freemarker-2.3.30.jar:/Users/snehaladsul/.m2/repository/org/projectlombok/lombok/1.18.12/lombok-1.18.12.jar:/Users/snehaladsul/.m2/repository/com/google/code/gson/gson/2.8.6/gson-2.8.6.jar:"/>
    <property name="sun.cpu.endian" value="little"/>
    <property name="user.home" value="/Users/snehaladsul"/>
    <property name="user.language" value="en"/>
    <property name="java.specification.vendor" value="Oracle Corporation"/>
    <property name="java.version.date" value="2024-04-16"/>
    <property name="java.home" value="/Library/Java/JavaVirtualMachines/jdk-17.jdk/Contents/Home"/>
    <property name="file.separator" value="/"/>
    <property name="basedir" value="/Users/snehaladsul/eclipse-workspace/SeleniumFrameworkDesign_2025"/>
    <property name="java.vm.compressedOopsMode" value="Zero based"/>
    <property name="line.separator" value="&#10;"/>
    <property name="java.vm.specification.vendor" value="Oracle Corporation"/>
    <property name="java.specification.name" value="Java Platform API Specification"/>
    <property name="surefire.real.class.path" value="/Users/snehaladsul/eclipse-workspace/SeleniumFrameworkDesign_2025/target/surefire/surefirebooter-20250316165750171_3.jar"/>
    <property name="sun.management.compiler" value="HotSpot 64-Bit Tiered Compilers"/>
    <property name="ftp.nonProxyHosts" value="local|*.local|169.254/16|*.169.254/16"/>
    <property name="java.runtime.version" value="17.0.11+7-LTS-207"/>
    <property name="user.name" value="snehaladsul"/>
    <property name="path.separator" value=":"/>
    <property name="os.version" value="15.2"/>
    <property name="java.runtime.name" value="Java(TM) SE Runtime Environment"/>
    <property name="file.encoding" value="UTF-8"/>
    <property name="browser" value="chrome"/>
    <property name="java.vm.name" value="Java HotSpot(TM) 64-Bit Server VM"/>
    <property name="localRepository" value="/Users/snehaladsul/.m2/repository"/>
    <property name="java.vendor.url.bug" value="https://bugreport.java.com/bugreport/"/>
    <property name="java.io.tmpdir" value="/var/folders/wf/0zrxn0vs2nj8gbx272t2pn6c0000gn/T/"/>
    <property name="java.version" value="17.0.11"/>
    <property name="user.dir" value="/Users/snehaladsul/eclipse-workspace/SeleniumFrameworkDesign_2025"/>
    <property name="os.arch" value="aarch64"/>
    <property name="java.vm.specification.name" value="Java Virtual Machine Specification"/>
    <property name="native.encoding" value="UTF-8"/>
    <property name="java.library.path" value="/Users/snehaladsul/Library/Java/Extensions:/Library/Java/Extensions:/Network/Library/Java/Extensions:/System/Library/Java/Extensions:/usr/lib/java:."/>
    <property name="java.vm.info" value="mixed mode, sharing"/>
    <property name="java.vendor" value="Oracle Corporation"/>
    <property name="java.vm.version" value="17.0.11+7-LTS-207"/>
    <property name="sun.io.unicode.encoding" value="UnicodeBig"/>
    <property name="socksNonProxyHosts" value="local|*.local|169.254/16|*.169.254/16"/>
    <property name="java.class.version" value="61.0"/>
  </properties>
  <testcase name="loginErrorValidation" classname="orderModule.ErrorValidationTest" time="0.813">
    <system-out><![CDATA[Waiting for Element to Appear : By.cssSelector: .col-lg-4
Waiting for Web Element to Appear : [[ChromeDriver: chrome on mac (fa7eeea3c2cf6e08ae8ff51cc8d12a1d)] -> css selector: [class*='flyInOut']]
Waiting for Element to Disappear : [[ChromeDriver: chrome on mac (46adcf88a118d2f1da235255b04a54d7)] -> css selector: .ng-animating]
]]></system-out>
    <system-err><![CDATA[SLF4J(W): No SLF4J providers were found.
SLF4J(W): Defaulting to no-operation (NOP) logger implementation
SLF4J(W): See https://www.slf4j.org/codes.html#noProviders for further details.
Mar 16, 2025 4:57:52 PM org.openqa.selenium.devtools.CdpVersionFinder findNearestMatch
WARNING: Unable to find an exact match for CDP version 134, returning the closest version; found: 133; Please update to a Selenium version that supports CDP version 134
Mar 16, 2025 4:57:52 PM org.openqa.selenium.devtools.CdpVersionFinder findNearestMatch
WARNING: Unable to find an exact match for CDP version 134, returning the closest version; found: 133; Please update to a Selenium version that supports CDP version 134
]]></system-err>
  </testcase>
  <testcase name="productErrorValidation" classname="orderModule.ErrorValidationTest" time="15.801">
    <system-out><![CDATA[Waiting for Element to Appear : By.cssSelector: .col-lg-4
Waiting for Element to Disappear : [[ChromeDriver: chrome on mac (0753380d7278e09a35897248ad7d8eb8)] -> css selector: .ng-animating]
Waiting for Element to Disappear : [[ChromeDriver: chrome on mac (46adcf88a118d2f1da235255b04a54d7)] -> css selector: .ng-animating]
Waiting for Element to Disappear : [[ChromeDriver: chrome on mac (0753380d7278e09a35897248ad7d8eb8)] -> css selector: .ng-animating]
Waiting for Element to Appear : By.cssSelector: .col-lg-4
Waiting for Element to Appear : By.cssSelector: #toast-container
Waiting for Element to Disappear : [[ChromeDriver: chrome on mac (46adcf88a118d2f1da235255b04a54d7)] -> css selector: .ng-animating]
Waiting for Web Element to Appear : [[ChromeDriver: chrome on mac (0753380d7278e09a35897248ad7d8eb8)] -> xpath: //button[@routerlink='/dashboard/cart']]
Waiting for Element to Appear : By.xpath: //h1[text()='My Cart']
]]></system-out>
    <system-err><![CDATA[Mar 16, 2025 4:57:55 PM org.openqa.selenium.devtools.CdpVersionFinder findNearestMatch
WARNING: Unable to find an exact match for CDP version 134, returning the closest version; found: 133; Please update to a Selenium version that supports CDP version 134
]]></system-err>
  </testcase>
  <testcase name="placeTheOrderTest" classname="orderModule.PlaceOrderTest" time="21.071">
    <system-out><![CDATA[Waiting for Web Element to Appear : [[ChromeDriver: chrome on mac (46adcf88a118d2f1da235255b04a54d7)] -> xpath: //button[@routerlink='/dashboard/cart']]
Waiting for Element to Appear : By.xpath: //h1[text()='My Cart']
Waiting for Element to Appear : By.xpath: //div[text()=' Payment Method ']
Selecting By Visible Text : 06
Selecting By Visible Text : 18
]]></system-out>
  </testcase>
  <testcase name="orderHistoryTest" classname="orderModule.PlaceOrderTest" time="0.328">
    <system-out><![CDATA[Waiting for Element to Appear : By.xpath: //h1[text()='Your Orders']
---  Verifying the orderd product is avaliable in order history ot not ---
[[[ChromeDriver: chrome on mac (08fdd88349058a165aec5fd9507e7c93)] -> xpath: //tr[@class='ng-star-inserted']/td[2]], [[ChromeDriver: chrome on mac (08fdd88349058a165aec5fd9507e7c93)] -> xpath: //tr[@class='ng-star-inserted']/td[2]], [[ChromeDriver: chrome on mac (08fdd88349058a165aec5fd9507e7c93)] -> xpath: //tr[@class='ng-star-inserted']/td[2]], [[ChromeDriver: chrome on mac (08fdd88349058a165aec5fd9507e7c93)] -> xpath: //tr[@class='ng-star-inserted']/td[2]], [[ChromeDriver: chrome on mac (08fdd88349058a165aec5fd9507e7c93)] -> xpath: //tr[@class='ng-star-inserted']/td[2]], [[ChromeDriver: chrome on mac (08fdd88349058a165aec5fd9507e7c93)] -> xpath: //tr[@class='ng-star-inserted']/td[2]], [[ChromeDriver: chrome on mac (08fdd88349058a165aec5fd9507e7c93)] -> xpath: //tr[@class='ng-star-inserted']/td[2]], [[ChromeDriver: chrome on mac (08fdd88349058a165aec5fd9507e7c93)] -> xpath: //tr[@class='ng-star-inserted']/td[2]], [[ChromeDriver: chrome on mac (08fdd88349058a165aec5fd9507e7c93)] -> xpath: //tr[@class='ng-star-inserted']/td[2]]]
]]></system-out>
    <system-err><![CDATA[Mar 16, 2025 4:58:18 PM org.openqa.selenium.devtools.CdpVersionFinder findNearestMatch
WARNING: Unable to find an exact match for CDP version 134, returning the closest version; found: 133; Please update to a Selenium version that supports CDP version 134
]]></system-err>
  </testcase>
</testsuite>