<?xml version="1.0" encoding="UTF-8"?>
<!-- Generated by org.testng.reporters.JUnitReportReporter -->
<testsuite hostname="Snehals-MacBook-Pro.local" failures="0" tests="4" name="orderModule.PurchaseOrderDataProviderHashMapTest" time="25.417" errors="0" timestamp="2025-03-12T21:05:19 IST" skipped="0">
  <testcase classname="orderModule.PurchaseOrderDataProviderHashMapTest" name="orderHistoryTest" time="2.447"/>
  <system-out/>
  <testcase classname="orderModule.PurchaseOrderDataProviderHashMapTest" name="placeThePurchaseTest" time="10.069"/>
  <system-out/>
  <testcase classname="orderModule.PurchaseOrderDataProviderHashMapTest" name="placeThePurchaseTest" time="10.354"/>
  <system-out/>
  <testcase classname="orderModule.PurchaseOrderDataProviderHashMapTest" name="orderHistoryTest" time="2.547"/>
  <system-out/>
</testsuite> <!-- orderModule.PurchaseOrderDataProviderHashMapTest -->
