<?xml version="1.0" encoding="UTF-8"?>
<!-- Generated by org.testng.reporters.JUnitReportReporter -->
<testsuite hostname="Snehals-MacBook-Pro.local" failures="0" tests="4" name="orderModule.PurchaseOrderDataProviderJsonHashMapTest" time="24.815" errors="0" timestamp="2025-03-12T22:14:22 IST" skipped="0">
  <testcase classname="orderModule.PurchaseOrderDataProviderJsonHashMapTest" name="placeThePurchaseTest" time="11.425"/>
  <system-out/>
  <testcase classname="orderModule.PurchaseOrderDataProviderJsonHashMapTest" name="orderHistoryTest" time="1.594"/>
  <system-out/>
  <testcase classname="orderModule.PurchaseOrderDataProviderJsonHashMapTest" name="orderHistoryTest" time="1.708"/>
  <system-out/>
  <testcase classname="orderModule.PurchaseOrderDataProviderJsonHashMapTest" name="placeThePurchaseTest" time="10.088"/>
  <system-out/>
</testsuite> <!-- orderModule.PurchaseOrderDataProviderJsonHashMapTest -->
