<?xml version="1.0" encoding="UTF-8"?>
<!-- Generated by org.testng.reporters.JUnitReportReporter -->
<testsuite hostname="Snehals-MacBook-Pro.local" failures="0" tests="1" name="basic.Basic" time="0.002" errors="0" timestamp="2025-03-10T11:55:24 IST" skipped="0">
  <testcase classname="basic.Basic" name="abc" time="0.002"/>
  <system-out/>
</testsuite> <!-- basic.Basic -->
