<?xml version="1.0" encoding="UTF-8"?>
<!-- Generated by org.testng.reporters.JUnitReportReporter -->
<testsuite hostname="Snehals-MacBook-Pro.local" failures="0" tests="2" name="orderModule.PurchaseOrderDataProviderTest" time="21.304" errors="0" timestamp="2025-03-12T20:07:44 IST" skipped="0">
  <testcase classname="orderModule.PurchaseOrderDataProviderTest" name="placeThePurchaseTest" time="10.054"/>
  <system-out/>
  <testcase classname="orderModule.PurchaseOrderDataProviderTest" name="placeThePurchaseTest" time="11.250"/>
  <system-out/>
</testsuite> <!-- orderModule.PurchaseOrderDataProviderTest -->
