<?xml version="1.0" encoding="UTF-8"?>
<!-- Generated by org.testng.reporters.JUnitReportReporter -->
<testsuite hostname="Snehals-MacBook-Pro.local" failures="0" tests="2" name="orderModule.PlaceOrderTest" time="21.577" errors="0" timestamp="2025-03-12T10:51:01 IST" skipped="0">
  <testcase classname="orderModule.PlaceOrderTest" name="orderHistoryTest" time="2.147"/>
  <system-out/>
  <testcase classname="orderModule.PlaceOrderTest" name="placeTheOrderTest" time="19.430"/>
  <system-out/>
</testsuite> <!-- orderModule.PlaceOrderTest -->
