<?xml version="1.0" encoding="UTF-8"?>
<!-- Generated by org.testng.reporters.JUnitReportReporter -->
<testsuite hostname="Snehals-MacBook-Pro.local" failures="0" tests="1" name="orderModule.PlaceOrder" time="26.597" errors="0" timestamp="2025-03-11T20:42:39 IST" skipped="0">
  <testcase classname="orderModule.PlaceOrder" name="placeTheOrder" time="26.597"/>
  <system-out/>
</testsuite> <!-- orderModule.PlaceOrder -->
