<?xml version="1.0" encoding="UTF-8"?>
<!-- Generated by org.testng.reporters.JUnitReportReporter -->
<testsuite hostname="Snehals-MacBook-Pro.local" failures="0" tests="1" name="orderModule.ErrorValidationTest" time="1.835" errors="0" timestamp="2025-03-12T11:28:35 IST" skipped="0">
  <testcase classname="orderModule.ErrorValidationTest" name="loginErrorValidation" time="1.835"/>
  <system-out/>
</testsuite> <!-- orderModule.ErrorValidationTest -->
