<?xml version="1.0" encoding="UTF-8"?>
<!-- Generated by org.testng.reporters.JUnitReportReporter -->
<testsuite hostname="Snehals-MacBook-Pro.local" failures="0" tests="2" name="orderModule.ErrorValidation" time="18.955" errors="0" timestamp="2025-03-12T08:29:59 IST" skipped="0">
  <testcase classname="orderModule.ErrorValidation" name="loginErrorValidation" time="1.854"/>
  <system-out/>
  <testcase classname="orderModule.ErrorValidation" name="productErrorValidation" time="17.101"/>
  <system-out/>
</testsuite> <!-- orderModule.ErrorValidation -->
