<?xml version="1.0" encoding="UTF-8"?>
<!-- Generated by org.testng.reporters.JUnitReportReporter -->
<testsuite hostname="Snehals-MacBook-Pro.local" failures="0" tests="1" name="orderModule.ErrorValidationTest" time="1.810" errors="0" timestamp="2025-03-16T18:31:24 IST" skipped="0">
  <testcase classname="orderModule.ErrorValidationTest" name="loginErrorValidation" time="1.810"/>
  <system-out/>
</testsuite> <!-- orderModule.ErrorValidationTest -->
