<?xml version="1.0" encoding="UTF-8"?>
<!-- Generated by org.testng.reporters.JUnitReportReporter -->
<testsuite hostname="Snehals-MacBook-Pro.local" failures="0" tests="2" name="orderModule.ErrorValidationTest" time="22.526" errors="0" timestamp="2025-03-16T16:58:20 IST" skipped="0">
  <testcase classname="orderModule.ErrorValidationTest" name="productErrorValidation" time="18.422"/>
  <testcase classname="orderModule.ErrorValidationTest" name="loginErrorValidation" time="4.104"/>
</testsuite> <!-- orderModule.ErrorValidationTest -->
