<?xml version="1.0" encoding="UTF-8"?>
<!-- Generated by org.testng.reporters.JUnitReportReporter -->
<testsuite hostname="Snehals-MacBook-Pro.local" failures="0" tests="2" name="orderModule.PlaceOrderTest" time="29.611" errors="0" timestamp="2025-03-16T16:58:20 IST" skipped="0">
  <testcase classname="orderModule.PlaceOrderTest" name="orderHistoryTest" time="1.842"/>
  <testcase classname="orderModule.PlaceOrderTest" name="placeTheOrderTest" time="27.769"/>
</testsuite> <!-- orderModule.PlaceOrderTest -->
